Arguments: 
  /usr/local/bin/node /usr/local/lib/node_modules/yarn/bin/yarn.js install

PATH: 
  /home/lenij/.cargo/bin:/home/lenij/bin:/home/lenij/.local/bin:/home/lenij/Scripts:/usr/local/sbin:/usr/local/bin:/usr/sbin:/usr/bin:/sbin:/bin:/usr/games:/usr/local/games:/snap/bin:/home/lenij/.dotnet/tools:/usr/lib/jvm/java-8-oracle/bin:/usr/lib/jvm/java-8-oracle/db/bin:/usr/lib/jvm/java-8-oracle/jre/binFREETYPE_PROPERTIES=truetype:interpreter-version=35

Yarn version: 
  1.19.1

Node version: 
  12.13.1

Platform: 
  linux x64

Trace: 
  SyntaxError: /home/lenij/zondax/ledger-oasis/tests/tools/package.json: Unexpected number in JSON at position 105
      at JSON.parse (<anonymous>)
      at /usr/local/lib/node_modules/yarn/lib/cli.js:1625:59
      at Generator.next (<anonymous>)
      at step (/usr/local/lib/node_modules/yarn/lib/cli.js:304:30)
      at /usr/local/lib/node_modules/yarn/lib/cli.js:315:13

npm manifest: 
  {
    "name": "tools",
    "version": "1.0.0",
    "dependencies": {
      "base-64": "^0.1.0",
      "cbor": "^5.\0.1"
    }
  }

yarn manifest: 
  No manifest

Lockfile: 
  # THIS IS AN AUTOGENERATED FILE. DO NOT EDIT THIS FILE DIRECTLY.
  # yarn lockfile v1
  
  
  base-64@^0.1.0:
    version "0.1.0"
    resolved "https://registry.yarnpkg.com/base-64/-/base-64-0.1.0.tgz#780a99c84e7d600260361511c4877613bf24f6bb"
    integrity sha1-eAqZyE59YAJgNhURxId2E78k9rs=
  
  cbor-js@^0.1.0:
    version "0.1.0"
    resolved "https://registry.yarnpkg.com/cbor-js/-/cbor-js-0.1.0.tgz#c80ce6120f387e8faa74370dfda21d965b8fc7f9"
    integrity sha1-yAzmEg84fo+qdDcN/aIdlluPx/k=
